This is pdfTeX, Version 3.14159265-2.6-1.40.19 (MiKTeX 2.9.6840 64-bit) (preloaded format=pdflatex 2020.2.24)  2 MAR 2020 20:18
entering extended mode
**./informe.tex
(informe.tex
LaTeX2e <2018-04-01> patch level 5
("C:\Program Files\MiKTeX 2.9\tex\latex\base\book.cls"
Document Class: book 2014/09/29 v1.4h Standard LaTeX document class
("C:\Program Files\MiKTeX 2.9\tex\latex\base\bk11.clo"
File: bk11.clo 2014/09/29 v1.4h Standard LaTeX file (size option)
)
\c@part=\count80
\c@chapter=\count81
\c@section=\count82
\c@subsection=\count83
\c@subsubsection=\count84
\c@paragraph=\count85
\c@subparagraph=\count86
\c@figure=\count87
\c@table=\count88
\abovecaptionskip=\skip41
\belowcaptionskip=\skip42
\bibindent=\dimen102
)
("C:\Program Files\MiKTeX 2.9\tex\latex\graphics\graphicx.sty"
Package: graphicx 2017/06/01 v1.1a Enhanced LaTeX Graphics (DPC,SPQR)

("C:\Program Files\MiKTeX 2.9\tex\latex\graphics\keyval.sty"
Package: keyval 2014/10/28 v1.15 key=value parser (DPC)
\KV@toks@=\toks14
)
("C:\Program Files\MiKTeX 2.9\tex\latex\graphics\graphics.sty"
Package: graphics 2017/06/25 v1.2c Standard LaTeX Graphics (DPC,SPQR)

("C:\Program Files\MiKTeX 2.9\tex\latex\graphics\trig.sty"
Package: trig 2016/01/03 v1.10 sin cos tan (DPC)
)
("C:\Program Files\MiKTeX 2.9\tex\latex\graphics-cfg\graphics.cfg"
File: graphics.cfg 2016/06/04 v1.11 sample graphics configuration
)
Package graphics Info: Driver file: pdftex.def on input line 99.

("C:\Program Files\MiKTeX 2.9\tex\latex\graphics-def\pdftex.def"
File: pdftex.def 2018/01/08 v1.0l Graphics/color driver for pdftex
))
\Gin@req@height=\dimen103
\Gin@req@width=\dimen104
)
("C:\Program Files\MiKTeX 2.9\tex\generic\babel\babel.sty"
Package: babel 2018/09/26 3.24 The Babel package

("C:\Program Files\MiKTeX 2.9\tex\generic\babel\switch.def"
File: switch.def 2018/09/26 3.24 Babel switching mechanism
)
*************************************
* Local config file bblopts.cfg used
*
("C:\Program Files\MiKTeX 2.9\tex\latex\arabi\bblopts.cfg"
File: bblopts.cfg 2005/09/08 v0.1 add Arabic and Farsi to "declared" options of
 babel
)
("C:\Program Files\MiKTeX 2.9\tex\latex\babel-spanish\spanish.ldf"
Language: spanish.ldf 2016/03/03 v5.0p Spanish support from the babel system

("C:\Program Files\MiKTeX 2.9\tex\generic\babel\babel.def"
File: babel.def 2018/09/26 3.24 Babel common definitions
\babel@savecnt=\count89
\U@D=\dimen105

("C:\Program Files\MiKTeX 2.9\tex\generic\babel\txtbabel.def")
\bbl@dirlevel=\count90
)
\es@quottoks=\toks15
\es@quotdepth=\count91
Package babel Info: Making " an active character on input line 561.
Package babel Info: Making . an active character on input line 662.
Package babel Info: Making < an active character on input line 707.
Package babel Info: Making > an active character on input line 707.
))
("C:\Program Files\MiKTeX 2.9\tex\latex\listings\listings.sty"
\lst@mode=\count92
\lst@gtempboxa=\box26
\lst@token=\toks16
\lst@length=\count93
\lst@currlwidth=\dimen106
\lst@column=\count94
\lst@pos=\count95
\lst@lostspace=\dimen107
\lst@width=\dimen108
\lst@newlines=\count96
\lst@lineno=\count97
\lst@maxwidth=\dimen109

("C:\Program Files\MiKTeX 2.9\tex\latex\listings\lstmisc.sty"
File: lstmisc.sty 2019/09/10 1.8c (Carsten Heinz)
\c@lstnumber=\count98
\lst@skipnumbers=\count99
\lst@framebox=\box27
)
("C:\Program Files\MiKTeX 2.9\tex\latex\listings\listings.cfg"
File: listings.cfg 2019/09/10 1.8c listings configuration
))
Package: listings 2019/09/10 1.8c (Carsten Heinz)

("C:\Program Files\MiKTeX 2.9\tex\latex\graphics\color.sty"
Package: color 2016/07/10 v1.1e Standard LaTeX Color (DPC)

("C:\Program Files\MiKTeX 2.9\tex\latex\graphics-cfg\color.cfg"
File: color.cfg 2016/01/02 v1.6 sample color configuration
)
Package color Info: Driver file: pdftex.def on input line 147.
)
("C:\Program Files\MiKTeX 2.9\tex\latex\listings\lstlang1.sty"
File: lstlang1.sty 2019/09/10 1.8c listings language file
) (informe.aux
LaTeX Info: Redefining \. on input line 6.
LaTeX Info: Redefining \% on input line 6.

(PROYECTO/generalidades.aux) (PROYECTO/Metodologia.aux)
(ARQUITECTURA/ADM_Archimate.aux) (ARQUITECTURA/negocio.aux)
(ARQUITECTURA/aplicacion.aux) (ARQUITECTURA/tecnologia.aux)
(ARQUITECTURA/proyecto.aux) (ARQUITECTURA/motivacion.aux)
(ARQUITECTURA/estrategia.aux) (PATRONES/Patrones.aux)
(PATRONES/Creacionales.aux

LaTeX Warning: Label `fig:mrsingleton' multiply defined.


LaTeX Warning: Label `fig:mrsingleton' multiply defined.

) (PATRONES/Estructurales.aux) (PATRONES/Comportamineto.aux))
\openout1 = `informe.aux'.

LaTeX Font Info:    Checking defaults for OML/cmm/m/it on input line 45.
LaTeX Font Info:    ... okay on input line 45.
LaTeX Font Info:    Checking defaults for T1/cmr/m/n on input line 45.
LaTeX Font Info:    ... okay on input line 45.
LaTeX Font Info:    Checking defaults for OT1/cmr/m/n on input line 45.
LaTeX Font Info:    ... okay on input line 45.
LaTeX Font Info:    Checking defaults for OMS/cmsy/m/n on input line 45.
LaTeX Font Info:    ... okay on input line 45.
LaTeX Font Info:    Checking defaults for OMX/cmex/m/n on input line 45.
LaTeX Font Info:    ... okay on input line 45.
LaTeX Font Info:    Checking defaults for U/cmr/m/n on input line 45.
LaTeX Font Info:    ... okay on input line 45.

("C:\Program Files\MiKTeX 2.9\tex\context\base\mkii\supp-pdf.mkii"
[Loading MPS to PDF converter (version 2006.09.02).]
\scratchcounter=\count100
\scratchdimen=\dimen110
\scratchbox=\box28
\nofMPsegments=\count101
\nofMParguments=\count102
\everyMPshowfont=\toks17
\MPscratchCnt=\count103
\MPscratchDim=\dimen111
\MPnumerator=\count104
\makeMPintoPDFobject=\count105
\everyMPtoPDFconversion=\toks18
) ("C:\Program Files\MiKTeX 2.9\tex\latex\oberdiek\epstopdf-base.sty"
Package: epstopdf-base 2016/05/15 v2.6 Base part for package epstopdf

("C:\Program Files\MiKTeX 2.9\tex\generic\oberdiek\infwarerr.sty"
Package: infwarerr 2016/05/16 v1.4 Providing info/warning/error messages (HO)
)
("C:\Program Files\MiKTeX 2.9\tex\latex\oberdiek\grfext.sty"
Package: grfext 2016/05/16 v1.2 Manage graphics extensions (HO)

("C:\Program Files\MiKTeX 2.9\tex\generic\oberdiek\kvdefinekeys.sty"
Package: kvdefinekeys 2016/05/16 v1.4 Define keys (HO)

("C:\Program Files\MiKTeX 2.9\tex\generic\oberdiek\ltxcmds.sty"
Package: ltxcmds 2016/05/16 v1.23 LaTeX kernel commands for general use (HO)
)))
("C:\Program Files\MiKTeX 2.9\tex\latex\oberdiek\kvoptions.sty"
Package: kvoptions 2016/05/16 v3.12 Key value format for package options (HO)

("C:\Program Files\MiKTeX 2.9\tex\generic\oberdiek\kvsetkeys.sty"
Package: kvsetkeys 2016/05/16 v1.17 Key value parser (HO)

("C:\Program Files\MiKTeX 2.9\tex\generic\oberdiek\etexcmds.sty"
Package: etexcmds 2016/05/16 v1.6 Avoid name clashes with e-TeX commands (HO)

("C:\Program Files\MiKTeX 2.9\tex\generic\oberdiek\ifluatex.sty"
Package: ifluatex 2016/05/16 v1.4 Provides the ifluatex switch (HO)
Package ifluatex Info: LuaTeX not detected.
)
Package etexcmds Info: Could not find \expanded.
(etexcmds)             That can mean that you are not using pdfTeX 1.50 or
(etexcmds)             that some package has redefined \expanded.
(etexcmds)             In the latter case, load this package earlier.
)))
("C:\Program Files\MiKTeX 2.9\tex\generic\oberdiek\pdftexcmds.sty"
Package: pdftexcmds 2018/09/10 v0.29 Utility functions of pdfTeX for LuaTeX (HO
)

("C:\Program Files\MiKTeX 2.9\tex\generic\oberdiek\ifpdf.sty"
Package: ifpdf 2018/09/07 v3.3 Provides the ifpdf switch
)
Package pdftexcmds Info: LuaTeX not detected.
Package pdftexcmds Info: \pdf@primitive is available.
Package pdftexcmds Info: \pdf@ifprimitive is available.
Package pdftexcmds Info: \pdfdraftmode found.
)
Package epstopdf-base Info: Redefining graphics rule for `.eps' on input line 4
38.
Package grfext Info: Graphics extension search list:
(grfext)             [.pdf,.png,.jpg,.mps,.jpeg,.jbig2,.jb2,.PDF,.PNG,.JPG,.JPE
G,.JBIG2,.JB2,.eps]
(grfext)             \AppendGraphicsExtensions on input line 456.
)
LaTeX Info: Redefining \. on input line 45.
LaTeX Info: Redefining \% on input line 45.
\c@lstlisting=\count106
LaTeX Font Info:    External font `cmex10' loaded for size
(Font)              <12> on input line 46.
LaTeX Font Info:    External font `cmex10' loaded for size
(Font)              <8> on input line 46.
LaTeX Font Info:    External font `cmex10' loaded for size
(Font)              <6> on input line 46.
 [1


{C:/Users/Administrador/AppData/Local/MiKTeX/2.9/pdftex/config/pdftex.map}] [2

]
(informe.toc
LaTeX Info: Redefining \. on input line 1.
LaTeX Info: Redefining \% on input line 1.
LaTeX Font Info:    External font `cmex10' loaded for size
(Font)              <10.95> on input line 7.
 [3]
LaTeX Info: Redefining \. on input line 60.
LaTeX Info: Redefining \% on input line 60.
 [4])
\tf@toc=\write3
\openout3 = `informe.toc'.

LaTeX Info: Redefining \. on input line 48.
LaTeX Info: Redefining \% on input line 48.
 [5]
LaTeX Info: Redefining \. on input line 48.
LaTeX Info: Redefining \% on input line 48.
 [6

] (informe.lof
LaTeX Info: Redefining \. on input line 1.
LaTeX Info: Redefining \% on input line 1.
)
\tf@lof=\write4
\openout4 = `informe.lof'.

 [7]
LaTeX Info: Redefining \. on input line 50.
LaTeX Info: Redefining \% on input line 50.
 [8

] [9] [10]
\openout2 = `PROYECTO/generalidades.aux'.


(PROYECTO/generalidades.tex
Cap\'{\i }tulo 1.
) [11


]
\openout2 = `PROYECTO/Metodologia.aux'.

 (PROYECTO/Metodologia.tex
LaTeX Info: Redefining \. on input line 1.
LaTeX Info: Redefining \% on input line 1.
 [12



]
Cap\'{\i }tulo 2.
) [13]
LaTeX Info: Redefining \. on input line 54.
LaTeX Info: Redefining \% on input line 54.
 [14


] [15] [16]
\openout2 = `ARQUITECTURA/ADM_Archimate.aux'.

 (ARQUITECTURA/ADM_Archimate.tex
Cap\'{\i }tulo 3.
[17


]
<ARQUITECTURA/imgs/adm.png, id=61, 1606.0pt x 1277.77374pt>
File: ARQUITECTURA/imgs/adm.png Graphic file (type png)
<use ARQUITECTURA/imgs/adm.png>
Package pdftex.def Info: ARQUITECTURA/imgs/adm.png  used on input line 11.
(pdftex.def)             Requested size: 251.9989pt x 200.49004pt.
LaTeX Info: Redefining \. on input line 16.
LaTeX Info: Redefining \% on input line 16.
 [18 <./ARQUITECTURA/imgs/adm.png>]
LaTeX Info: Redefining \. on input line 21.
LaTeX Info: Redefining \% on input line 21.
 [19]
LaTeX Info: Redefining \. on input line 38.
LaTeX Info: Redefining \% on input line 38.
 [20])
\openout2 = `ARQUITECTURA/negocio.aux'.

 (ARQUITECTURA/negocio.tex
Cap\'{\i }tulo 4.
[21



]
<ARQUITECTURA/imgs/MOrganizacion.pdf, id=75, 380.42125pt x 147.55125pt>
File: ARQUITECTURA/imgs/MOrganizacion.pdf Graphic file (type pdf)
<use ARQUITECTURA/imgs/MOrganizacion.pdf>
Package pdftex.def Info: ARQUITECTURA/imgs/MOrganizacion.pdf  used on input lin
e 11.
(pdftex.def)             Requested size: 360.0pt x 139.63478pt.
LaTeX Info: Redefining \. on input line 16.
LaTeX Info: Redefining \% on input line 16.
 [22 <./ARQUITECTURA/imgs/MOrganizacion.pdf>]
<ARQUITECTURA/imgs/COrganizacion.pdf, id=80, 155.58125pt x 149.55875pt>
File: ARQUITECTURA/imgs/COrganizacion.pdf Graphic file (type pdf)
<use ARQUITECTURA/imgs/COrganizacion.pdf>
Package pdftex.def Info: ARQUITECTURA/imgs/COrganizacion.pdf  used on input lin
e 21.
(pdftex.def)             Requested size: 180.0pt x 173.03413pt.
LaTeX Info: Redefining \. on input line 26.
LaTeX Info: Redefining \% on input line 26.
 [23 <./ARQUITECTURA/imgs/COrganizacion.pdf>]
File: ARQUITECTURA/imgs/MOrganizacion.pdf Graphic file (type pdf)
<use ARQUITECTURA/imgs/MOrganizacion.pdf>
Package pdftex.def Info: ARQUITECTURA/imgs/MOrganizacion.pdf  used on input lin
e 34.
(pdftex.def)             Requested size: 360.0pt x 139.63478pt.
LaTeX Info: Redefining \. on input line 39.
LaTeX Info: Redefining \% on input line 39.
 [24]
<ARQUITECTURA/imgs/COrganizacion1.pdf, id=95, 258.9675pt x 154.5775pt>
File: ARQUITECTURA/imgs/COrganizacion1.pdf Graphic file (type pdf)
<use ARQUITECTURA/imgs/COrganizacion1.pdf>
Package pdftex.def Info: ARQUITECTURA/imgs/COrganizacion1.pdf  used on input li
ne 44.
(pdftex.def)             Requested size: 180.0pt x 107.44637pt.
LaTeX Info: Redefining \. on input line 48.
LaTeX Info: Redefining \% on input line 48.
 [25 <./ARQUITECTURA/imgs/COrganizacion1.pdf>]
File: ARQUITECTURA/imgs/MOrganizacion.pdf Graphic file (type pdf)
<use ARQUITECTURA/imgs/MOrganizacion.pdf>
Package pdftex.def Info: ARQUITECTURA/imgs/MOrganizacion.pdf  used on input lin
e 56.
(pdftex.def)             Requested size: 360.0pt x 139.63478pt.
LaTeX Info: Redefining \. on input line 61.
LaTeX Info: Redefining \% on input line 61.
 [26]
File: ARQUITECTURA/imgs/COrganizacion.pdf Graphic file (type pdf)
<use ARQUITECTURA/imgs/COrganizacion.pdf>
Package pdftex.def Info: ARQUITECTURA/imgs/COrganizacion.pdf  used on input lin
e 66.
(pdftex.def)             Requested size: 180.0pt x 173.03413pt.
LaTeX Info: Redefining \. on input line 70.
LaTeX Info: Redefining \% on input line 70.

[27]
File: ARQUITECTURA/imgs/MOrganizacion.pdf Graphic file (type pdf)
<use ARQUITECTURA/imgs/MOrganizacion.pdf>
Package pdftex.def Info: ARQUITECTURA/imgs/MOrganizacion.pdf  used on input lin
e 78.
(pdftex.def)             Requested size: 360.0pt x 139.63478pt.
LaTeX Info: Redefining \. on input line 83.
LaTeX Info: Redefining \% on input line 83.
 [28]
File: ARQUITECTURA/imgs/COrganizacion.pdf Graphic file (type pdf)
<use ARQUITECTURA/imgs/COrganizacion.pdf>
Package pdftex.def Info: ARQUITECTURA/imgs/COrganizacion.pdf  used on input lin
e 88.
(pdftex.def)             Requested size: 180.0pt x 173.03413pt.
LaTeX Info: Redefining \. on input line 92.
LaTeX Info: Redefining \% on input line 92.
 [29]
File: ARQUITECTURA/imgs/MOrganizacion.pdf Graphic file (type pdf)
<use ARQUITECTURA/imgs/MOrganizacion.pdf>
Package pdftex.def Info: ARQUITECTURA/imgs/MOrganizacion.pdf  used on input lin
e 100.
(pdftex.def)             Requested size: 360.0pt x 139.63478pt.
LaTeX Info: Redefining \. on input line 105.
LaTeX Info: Redefining \% on input line 105.
 [30]
File: ARQUITECTURA/imgs/COrganizacion.pdf Graphic file (type pdf)
<use ARQUITECTURA/imgs/COrganizacion.pdf>
Package pdftex.def Info: ARQUITECTURA/imgs/COrganizacion.pdf  used on input lin
e 110.
(pdftex.def)             Requested size: 180.0pt x 173.03413pt.
LaTeX Info: Redefining \. on input line 114.
LaTeX Info: Redefining \% on input line 114.

Overfull \hbox (20.57933pt too wide) has occurred while \output is active
\OT1/cmr/m/sl/10.95 4.6.  PUNTO DE VISTA DE COOPERACI[]ON DE PROCESO DE NEGOCIO
 \OT1/cmr/m/n/10.95 31
 []

[31]
File: ARQUITECTURA/imgs/MOrganizacion.pdf Graphic file (type pdf)
<use ARQUITECTURA/imgs/MOrganizacion.pdf>
Package pdftex.def Info: ARQUITECTURA/imgs/MOrganizacion.pdf  used on input lin
e 123.
(pdftex.def)             Requested size: 360.0pt x 139.63478pt.
LaTeX Info: Redefining \. on input line 128.
LaTeX Info: Redefining \% on input line 128.
 [32]
File: ARQUITECTURA/imgs/COrganizacion.pdf Graphic file (type pdf)
<use ARQUITECTURA/imgs/COrganizacion.pdf>
Package pdftex.def Info: ARQUITECTURA/imgs/COrganizacion.pdf  used on input lin
e 133.
(pdftex.def)             Requested size: 180.0pt x 173.03413pt.
LaTeX Info: Redefining \. on input line 137.
LaTeX Info: Redefining \% on input line 137.
 [33])
\openout2 = `ARQUITECTURA/aplicacion.aux'.

 (ARQUITECTURA/aplicacion.tex
LaTeX Info: Redefining \. on input line 1.
LaTeX Info: Redefining \% on input line 1.
 [34



]
Cap\'{\i }tulo 5.
[35])
\openout2 = `ARQUITECTURA/tecnologia.aux'.

 (ARQUITECTURA/tecnologia.tex
LaTeX Info: Redefining \. on input line 1.
LaTeX Info: Redefining \% on input line 1.
 [36



]
Cap\'{\i }tulo 6.
[37])
\openout2 = `ARQUITECTURA/proyecto.aux'.

 (ARQUITECTURA/proyecto.tex
LaTeX Info: Redefining \. on input line 1.
LaTeX Info: Redefining \% on input line 1.
 [38



]
Cap\'{\i }tulo 7.
[39])
\openout2 = `ARQUITECTURA/motivacion.aux'.

 (ARQUITECTURA/motivacion.tex
LaTeX Info: Redefining \. on input line 1.
LaTeX Info: Redefining \% on input line 1.
 [40



]
Cap\'{\i }tulo 8.
[41])
\openout2 = `ARQUITECTURA/estrategia.aux'.

 (ARQUITECTURA/estrategia.tex
LaTeX Info: Redefining \. on input line 1.
LaTeX Info: Redefining \% on input line 1.
 [42



]
Cap\'{\i }tulo 9.
[43])
\openout2 = `PATRONES/Patrones.aux'.

 (PATRONES/Patrones.tex
LaTeX Info: Redefining \. on input line 1.
LaTeX Info: Redefining \% on input line 1.
 [44



]
Cap\'{\i }tulo 10.
[45])
\openout2 = `PATRONES/Creacionales.aux'.

 (PATRONES/Creacionales.tex
LaTeX Info: Redefining \. on input line 1.
LaTeX Info: Redefining \% on input line 1.
 [46



]
Cap\'{\i }tulo 11.
[47]
<PATRONES/imgs/MRSingleton.pdf, id=170, 309.155pt x 156.585pt>
File: PATRONES/imgs/MRSingleton.pdf Graphic file (type pdf)
<use PATRONES/imgs/MRSingleton.pdf>
Package pdftex.def Info: PATRONES/imgs/MRSingleton.pdf  used on input line 11.
(pdftex.def)             Requested size: 251.9989pt x 127.64073pt.
<PATRONES/imgs/MCSingleton.pdf, id=171, 231.86626pt x 157.58875pt>
File: PATRONES/imgs/MCSingleton.pdf Graphic file (type pdf)
<use PATRONES/imgs/MCSingleton.pdf>
Package pdftex.def Info: PATRONES/imgs/MCSingleton.pdf  used on input line 19.
(pdftex.def)             Requested size: 251.9989pt x 171.27536pt.
<PATRONES/imgs/MISingleton.pdf, id=172, 220.825pt x 119.44624pt>
File: PATRONES/imgs/MISingleton.pdf Graphic file (type pdf)
<use PATRONES/imgs/MISingleton.pdf>
Package pdftex.def Info: PATRONES/imgs/MISingleton.pdf  used on input line 26.
(pdftex.def)             Requested size: 251.9989pt x 136.3141pt.


LaTeX Warning: `!h' float specifier changed to `!ht'.

LaTeX Info: Redefining \. on input line 30.
LaTeX Info: Redefining \% on input line 30.
[48 <./PATRONES/imgs/MRSingleton.pdf> <./PATRONES/imgs/MCSingleton.pdf>]
(c:/a/Singleton.java
LaTeX Font Info:    Try loading font information for OMS+cmr on input line 1.
 ("C:\Program Files\MiKTeX 2.9\tex\latex\base\omscmr.fd"
File: omscmr.fd 2014/09/29 v2.5h Standard LaTeX font definitions
)
LaTeX Font Info:    Font shape `OMS/cmr/m/n' in size <9> not available
(Font)              Font shape `OMS/cmsy/m/n' tried instead on input line 1.
))
LaTeX Info: Redefining \. on input line 65.
LaTeX Info: Redefining \% on input line 65.
[49 <./PATRONES/imgs/MISingleton.pdf>]
\openout2 = `PATRONES/Estructurales.aux'.

 (PATRONES/Estructurales.tex
LaTeX Info: Redefining \. on input line 1.
LaTeX Info: Redefining \% on input line 1.
 [50



]
Cap\'{\i }tulo 12.
[51])
\openout2 = `PATRONES/Comportamineto.aux'.

 (PATRONES/Comportamineto.tex
LaTeX Info: Redefining \. on input line 1.
LaTeX Info: Redefining \% on input line 1.
 [52



]
Cap\'{\i }tulo 13.
[53])
LaTeX Info: Redefining \. on input line 70.
LaTeX Info: Redefining \% on input line 70.
 [54


] [55] [56] (informe.bbl) [57

] (informe.aux
LaTeX Info: Redefining \. on input line 6.
LaTeX Info: Redefining \% on input line 6.

(PROYECTO/generalidades.aux) (PROYECTO/Metodologia.aux)
(ARQUITECTURA/ADM_Archimate.aux) (ARQUITECTURA/negocio.aux)
(ARQUITECTURA/aplicacion.aux) (ARQUITECTURA/tecnologia.aux)
(ARQUITECTURA/proyecto.aux) (ARQUITECTURA/motivacion.aux)
(ARQUITECTURA/estrategia.aux) (PATRONES/Patrones.aux)
(PATRONES/Creacionales.aux) (PATRONES/Estructurales.aux)
(PATRONES/Comportamineto.aux))

LaTeX Warning: There were multiply-defined labels.

 ) 
Here is how much of TeX's memory you used:
 4332 strings out of 492970
 60626 string characters out of 3135831
 345190 words of memory out of 3000000
 8047 multiletter control sequences out of 15000+200000
 11276 words of font info for 39 fonts, out of 3000000 for 9000
 1141 hyphenation exceptions out of 8191
 41i,7n,36p,455b,1390s stack positions out of 5000i,500n,10000p,200000b,50000s
<C:/Program Files/MiKTeX 2.9/fonts/type1/public/amsfonts/cm/cmbx10.pfb><C:/Pr
ogram Files/MiKTeX 2.9/fonts/type1/public/amsfonts/cm/cmbx12.pfb><C:/Program Fi
les/MiKTeX 2.9/fonts/type1/public/amsfonts/cm/cmr10.pfb><C:/Program Files/MiKTe
X 2.9/fonts/type1/public/amsfonts/cm/cmr12.pfb><C:/Program Files/MiKTeX 2.9/fon
ts/type1/public/amsfonts/cm/cmr17.pfb><C:/Program Files/MiKTeX 2.9/fonts/type1/
public/amsfonts/cm/cmr6.pfb><C:/Program Files/MiKTeX 2.9/fonts/type1/public/ams
fonts/cm/cmr9.pfb><C:/Program Files/MiKTeX 2.9/fonts/type1/public/amsfonts/cm/c
msl10.pfb><C:/Program Files/MiKTeX 2.9/fonts/type1/public/amsfonts/cm/cmsy9.pfb
><C:/Program Files/MiKTeX 2.9/fonts/type1/public/amsfonts/cm/cmti10.pfb>
Output written on informe.pdf (57 pages, 803625 bytes).
PDF statistics:
 274 PDF objects out of 1000 (max. 8388607)
 0 named destinations out of 1000 (max. 500000)
 36 words of extra memory for PDF output out of 10000 (max. 10000000)

